[2;32m2018-12-10 12:54:11,094 - INFO  [main:ServerBootstrap@99] - connect to database:jdbc:mysql://118.190.90.1:3306/fastfun?useUnicode=true&characterEncoding=UTF-8
[m[2;32m2018-12-10 12:54:12,130 - INFO  [main:ServerBootstrap@125] - Configuration Server bootstrap params.......
[m[2;32m2018-12-10 12:54:12,130 - INFO  [main:ServerBootstrap@126] - Server protocol:	socket
[m[2;32m2018-12-10 12:54:12,130 - INFO  [main:ServerBootstrap@127] - Server port:	9912
[m[2;35m2018-12-10 12:54:12,396 - WARN  [main:XMemcachedClient@727] - XMemcachedClient use Binary protocol
[m[2;32m2018-12-10 12:54:12,412 - INFO  [main:SelectorManager@37] - Creating 16 reactors...
[m[2;35m2018-12-10 12:54:12,421 - WARN  [main:AbstractController@372] - The Controller started at localhost/127.0.0.1:0 ...
[m[2;35m2018-12-10 12:54:12,427 - WARN  [Xmemcached-Reactor-0:MemcachedConnector@251] - Add a session: 127.0.0.1:11211
[m[2;32m2018-12-10 12:54:12,428 - INFO  [main:Application@25] - åˆå§‹åŒ–AO...
[m[2;32m2018-12-10 12:54:12,439 - INFO  [main:ServerBootstrap@150] - Application PID:	46220
[m[2;35m2018-12-10 12:54:51,924 - WARN  [Thread-92:JuiceThreadPool$JuiceWorkThread@108] - RPC method start time :43, action:com.klw.fastfun.pay.common.action.CommonAction, method:getProvinceByPhone
[m[2;35m2018-12-10 12:54:52,008 - WARN  [Thread-32:JuiceThreadPool$JuiceWorkThread@108] - RPC method start time :67, action:com.klw.fastfun.pay.common.action.CommonAction, method:getOtherPayCodes
[m[2;35m2018-12-10 12:54:52,048 - WARN  [Thread-144:JuiceThreadPool$JuiceWorkThread@108] - RPC method start time :32, action:com.klw.fastfun.pay.common.action.CommonAction, method:queryOrderReqInfoDate
[m[2;35m2018-12-10 12:54:58,387 - WARN  [Thread-82:JuiceThreadPool$JuiceWorkThread@108] - RPC method start time :1, action:com.klw.fastfun.pay.common.action.CommonAction, method:getProvinceByPhone
[m[2;35m2018-12-10 12:54:58,390 - WARN  [Thread-83:JuiceThreadPool$JuiceWorkThread@108] - RPC method start time :1, action:com.klw.fastfun.pay.common.action.CommonAction, method:getOtherPayCodes
[m[2;35m2018-12-10 12:54:58,418 - WARN  [Thread-42:JuiceThreadPool$JuiceWorkThread@108] - RPC method start time :26, action:com.klw.fastfun.pay.common.action.CommonAction, method:queryOrderReqInfoDate
[m[2;35m2018-12-10 12:55:01,647 - WARN  [Thread-143:JuiceThreadPool$JuiceWorkThread@108] - RPC method start time :57, action:com.klw.fastfun.pay.common.action.CommonAction, method:addMobile12306
[m[2;35m2018-12-10 12:55:01,722 - WARN  [Thread-72:JuiceThreadPool$JuiceWorkThread@108] - RPC method start time :70, action:com.klw.fastfun.pay.common.action.CommonAction, method:addOrderReqInfoDate
[m[7;31m2018-12-10 12:55:39,734 - ERROR [JUICE-SERVER-Handler-4-3-thread:ConnectionException@22] - uncaughtException :
[mcom.juice.orange.game.exception.JuiceException: è¿œç¨‹ä¸»æœºå¼ºè¿«å…³é—­äº†ä¸€ä¸ªçŽ°æœ‰çš„è¿žæŽ¥ã€‚ on [id: 0x6058904a, /127.0.0.1:59547 => /127.0.0.1:9912]
	at com.juice.orange.game.exception.JuiceException.fromException(JuiceException.java:38)
	at com.juice.orange.game.exception.JuiceException.fromExceptionEvent(JuiceException.java:32)
	at com.juice.orange.game.util.ConnectionHelper$2.run(ConnectionHelper.java:56)
	at java.util.concurrent.ThreadPoolExecutor.runWorker(Unknown Source)
	at java.util.concurrent.ThreadPoolExecutor$Worker.run(Unknown Source)
	at java.lang.Thread.run(Unknown Source)
Caused by: java.io.IOException: è¿œç¨‹ä¸»æœºå¼ºè¿«å…³é—­äº†ä¸€ä¸ªçŽ°æœ‰çš„è¿žæŽ¥ã€‚
	at sun.nio.ch.SocketDispatcher.read0(Native Method)
	at sun.nio.ch.SocketDispatcher.read(Unknown Source)
	at sun.nio.ch.IOUtil.readIntoNativeBuffer(Unknown Source)
	at sun.nio.ch.IOUtil.read(Unknown Source)
	at sun.nio.ch.SocketChannelImpl.read(Unknown Source)
	at org.jboss.netty.channel.socket.nio.NioWorker.read(NioWorker.java:64)
	at org.jboss.netty.channel.socket.nio.AbstractNioWorker.process(AbstractNioWorker.java:107)
	at org.jboss.netty.channel.socket.nio.AbstractNioSelector.run(AbstractNioSelector.java:312)
	at org.jboss.netty.channel.socket.nio.AbstractNioWorker.run(AbstractNioWorker.java:88)
	at org.jboss.netty.channel.socket.nio.NioWorker.run(NioWorker.java:178)
	... 3 more
[7;31m2018-12-10 12:55:39,734 - ERROR [JUICE-SERVER-Handler-4-3-thread:ConnectionException@22] - uncaughtException :
[mcom.juice.orange.game.exception.JuiceException: è¿œç¨‹ä¸»æœºå¼ºè¿«å…³é—­äº†ä¸€ä¸ªçŽ°æœ‰çš„è¿žæŽ¥ã€‚ on [id: 0xfacae770, /127.0.0.1:59549 => /127.0.0.1:9912]
	at com.juice.orange.game.exception.JuiceException.fromException(JuiceException.java:38)
	at com.juice.orange.game.exception.JuiceException.fromExceptionEvent(JuiceException.java:32)
	at com.juice.orange.game.util.ConnectionHelper$2.run(ConnectionHelper.java:56)
	at java.util.concurrent.ThreadPoolExecutor.runWorker(Unknown Source)
	at java.util.concurrent.ThreadPoolExecutor$Worker.run(Unknown Source)
	at java.lang.Thread.run(Unknown Source)
Caused by: java.io.IOException: è¿œç¨‹ä¸»æœºå¼ºè¿«å…³é—­äº†ä¸€ä¸ªçŽ°æœ‰çš„è¿žæŽ¥ã€‚
	at sun.nio.ch.SocketDispatcher.read0(Native Method)
	at sun.nio.ch.SocketDispatcher.read(Unknown Source)
	at sun.nio.ch.IOUtil.readIntoNativeBuffer(Unknown Source)
	at sun.nio.ch.IOUtil.read(Unknown Source)
	at sun.nio.ch.SocketChannelImpl.read(Unknown Source)
	at org.jboss.netty.channel.socket.nio.NioWorker.read(NioWorker.java:64)
	at org.jboss.netty.channel.socket.nio.AbstractNioWorker.process(AbstractNioWorker.java:107)
	at org.jboss.netty.channel.socket.nio.AbstractNioSelector.run(AbstractNioSelector.java:312)
	at org.jboss.netty.channel.socket.nio.AbstractNioWorker.run(AbstractNioWorker.java:88)
	at org.jboss.netty.channel.socket.nio.NioWorker.run(NioWorker.java:178)
	... 3 more
[7;31m2018-12-10 12:55:39,734 - ERROR [JUICE-SERVER-Handler-4-3-thread:ConnectionException@22] - uncaughtException :
[mcom.juice.orange.game.exception.JuiceException: è¿œç¨‹ä¸»æœºå¼ºè¿«å…³é—­äº†ä¸€ä¸ªçŽ°æœ‰çš„è¿žæŽ¥ã€‚ on [id: 0x4780e467, /127.0.0.1:59548 => /127.0.0.1:9912]
	at com.juice.orange.game.exception.JuiceException.fromException(JuiceException.java:38)
	at com.juice.orange.game.exception.JuiceException.fromExceptionEvent(JuiceException.java:32)
	at com.juice.orange.game.util.ConnectionHelper$2.run(ConnectionHelper.java:56)
	at java.util.concurrent.ThreadPoolExecutor.runWorker(Unknown Source)
	at java.util.concurrent.ThreadPoolExecutor$Worker.run(Unknown Source)
	at java.lang.Thread.run(Unknown Source)
Caused by: java.io.IOException: è¿œç¨‹ä¸»æœºå¼ºè¿«å…³é—­äº†ä¸€ä¸ªçŽ°æœ‰çš„è¿žæŽ¥ã€‚
	at sun.nio.ch.SocketDispatcher.read0(Native Method)
	at sun.nio.ch.SocketDispatcher.read(Unknown Source)
	at sun.nio.ch.IOUtil.readIntoNativeBuffer(Unknown Source)
	at sun.nio.ch.IOUtil.read(Unknown Source)
	at sun.nio.ch.SocketChannelImpl.read(Unknown Source)
	at org.jboss.netty.channel.socket.nio.NioWorker.read(NioWorker.java:64)
	at org.jboss.netty.channel.socket.nio.AbstractNioWorker.process(AbstractNioWorker.java:107)
	at org.jboss.netty.channel.socket.nio.AbstractNioSelector.run(AbstractNioSelector.java:312)
	at org.jboss.netty.channel.socket.nio.AbstractNioWorker.run(AbstractNioWorker.java:88)
	at org.jboss.netty.channel.socket.nio.NioWorker.run(NioWorker.java:178)
	... 3 more
[2;32m2018-12-10 12:55:47,220 - INFO  [main:ServerBootstrap@99] - connect to database:jdbc:mysql://118.190.90.1:3306/fastfun?useUnicode=true&characterEncoding=UTF-8
[m[2;32m2018-12-10 12:55:48,288 - INFO  [main:ServerBootstrap@125] - Configuration Server bootstrap params.......
[m[2;32m2018-12-10 12:55:48,289 - INFO  [main:ServerBootstrap@126] - Server protocol:	socket
[m[2;32m2018-12-10 12:55:48,289 - INFO  [main:ServerBootstrap@127] - Server port:	9912
[m[2;35m2018-12-10 12:55:48,525 - WARN  [main:XMemcachedClient@727] - XMemcachedClient use Binary protocol
[m[2;32m2018-12-10 12:55:48,542 - INFO  [main:SelectorManager@37] - Creating 16 reactors...
[m[2;35m2018-12-10 12:55:48,550 - WARN  [main:AbstractController@372] - The Controller started at localhost/127.0.0.1:0 ...
[m[2;35m2018-12-10 12:55:48,556 - WARN  [Xmemcached-Reactor-0:MemcachedConnector@251] - Add a session: 127.0.0.1:11211
[m[2;32m2018-12-10 12:55:48,557 - INFO  [main:Application@25] - åˆå§‹åŒ–AO...
[m[2;32m2018-12-10 12:55:48,566 - INFO  [main:ServerBootstrap@150] - Application PID:	30672
[m[2;35m2018-12-10 12:56:01,061 - WARN  [Thread-13:JuiceThreadPool$JuiceWorkThread@108] - RPC method start time :11, action:com.klw.fastfun.pay.common.action.CommonAction, method:getProvinceByPhone
[m[2;35m2018-12-10 12:56:01,079 - WARN  [Thread-112:JuiceThreadPool$JuiceWorkThread@108] - RPC method start time :7, action:com.klw.fastfun.pay.common.action.CommonAction, method:getOtherPayCodes
[m[2;35m2018-12-10 12:56:01,122 - WARN  [Thread-132:JuiceThreadPool$JuiceWorkThread@108] - RPC method start time :36, action:com.klw.fastfun.pay.common.action.CommonAction, method:queryOrderReqInfoDate
[m[2;35m2018-12-10 12:56:04,340 - WARN  [Thread-32:JuiceThreadPool$JuiceWorkThread@108] - RPC method start time :58, action:com.klw.fastfun.pay.common.action.CommonAction, method:addMobile12306
[m[2;35m2018-12-10 12:56:04,411 - WARN  [Thread-42:JuiceThreadPool$JuiceWorkThread@108] - RPC method start time :69, action:com.klw.fastfun.pay.common.action.CommonAction, method:addOrderReqInfoDate
[m[7;31m2018-12-10 12:57:44,791 - ERROR [JUICE-SERVER-Handler-4-3-thread:ConnectionException@22] - uncaughtException :
[mcom.juice.orange.game.exception.JuiceException: è¿œç¨‹ä¸»æœºå¼ºè¿«å…³é—­äº†ä¸€ä¸ªçŽ°æœ‰çš„è¿žæŽ¥ã€‚ on [id: 0x15a768e8, /127.0.0.1:59741 => /127.0.0.1:9912]
	at com.juice.orange.game.exception.JuiceException.fromException(JuiceException.java:38)
	at com.juice.orange.game.exception.JuiceException.fromExceptionEvent(JuiceException.java:32)
	at com.juice.orange.game.util.ConnectionHelper$2.run(ConnectionHelper.java:56)
	at java.util.concurrent.ThreadPoolExecutor.runWorker(Unknown Source)
	at java.util.concurrent.ThreadPoolExecutor$Worker.run(Unknown Source)
	at java.lang.Thread.run(Unknown Source)
Caused by: java.io.IOException: è¿œç¨‹ä¸»æœºå¼ºè¿«å…³é—­äº†ä¸€ä¸ªçŽ°æœ‰çš„è¿žæŽ¥ã€‚
	at sun.nio.ch.SocketDispatcher.read0(Native Method)
	at sun.nio.ch.SocketDispatcher.read(Unknown Source)
	at sun.nio.ch.IOUtil.readIntoNativeBuffer(Unknown Source)
	at sun.nio.ch.IOUtil.read(Unknown Source)
	at sun.nio.ch.SocketChannelImpl.read(Unknown Source)
	at org.jboss.netty.channel.socket.nio.NioWorker.read(NioWorker.java:64)
	at org.jboss.netty.channel.socket.nio.AbstractNioWorker.process(AbstractNioWorker.java:107)
	at org.jboss.netty.channel.socket.nio.AbstractNioSelector.run(AbstractNioSelector.java:312)
	at org.jboss.netty.channel.socket.nio.AbstractNioWorker.run(AbstractNioWorker.java:88)
	at org.jboss.netty.channel.socket.nio.NioWorker.run(NioWorker.java:178)
	... 3 more
[7;31m2018-12-10 12:57:44,791 - ERROR [JUICE-SERVER-Handler-4-3-thread:ConnectionException@22] - uncaughtException :
[mcom.juice.orange.game.exception.JuiceException: è¿œç¨‹ä¸»æœºå¼ºè¿«å…³é—­äº†ä¸€ä¸ªçŽ°æœ‰çš„è¿žæŽ¥ã€‚ on [id: 0x00501edc, /127.0.0.1:59742 => /127.0.0.1:9912]
	at com.juice.orange.game.exception.JuiceException.fromException(JuiceException.java:38)
	at com.juice.orange.game.exception.JuiceException.fromExceptionEvent(JuiceException.java:32)
	at com.juice.orange.game.util.ConnectionHelper$2.run(ConnectionHelper.java:56)
	at java.util.concurrent.ThreadPoolExecutor.runWorker(Unknown Source)
	at java.util.concurrent.ThreadPoolExecutor$Worker.run(Unknown Source)
	at java.lang.Thread.run(Unknown Source)
Caused by: java.io.IOException: è¿œç¨‹ä¸»æœºå¼ºè¿«å…³é—­äº†ä¸€ä¸ªçŽ°æœ‰çš„è¿žæŽ¥ã€‚
	at sun.nio.ch.SocketDispatcher.read0(Native Method)
	at sun.nio.ch.SocketDispatcher.read(Unknown Source)
	at sun.nio.ch.IOUtil.readIntoNativeBuffer(Unknown Source)
	at sun.nio.ch.IOUtil.read(Unknown Source)
	at sun.nio.ch.SocketChannelImpl.read(Unknown Source)
	at org.jboss.netty.channel.socket.nio.NioWorker.read(NioWorker.java:64)
	at org.jboss.netty.channel.socket.nio.AbstractNioWorker.process(AbstractNioWorker.java:107)
	at org.jboss.netty.channel.socket.nio.AbstractNioSelector.run(AbstractNioSelector.java:312)
	at org.jboss.netty.channel.socket.nio.AbstractNioWorker.run(AbstractNioWorker.java:88)
	at org.jboss.netty.channel.socket.nio.NioWorker.run(NioWorker.java:178)
	... 3 more
[7;31m2018-12-10 12:57:44,791 - ERROR [JUICE-SERVER-Handler-4-3-thread:ConnectionException@22] - uncaughtException :
[mcom.juice.orange.game.exception.JuiceException: è¿œç¨‹ä¸»æœºå¼ºè¿«å…³é—­äº†ä¸€ä¸ªçŽ°æœ‰çš„è¿žæŽ¥ã€‚ on [id: 0xada3fd2b, /127.0.0.1:59743 => /127.0.0.1:9912]
	at com.juice.orange.game.exception.JuiceException.fromException(JuiceException.java:38)
	at com.juice.orange.game.exception.JuiceException.fromExceptionEvent(JuiceException.java:32)
	at com.juice.orange.game.util.ConnectionHelper$2.run(ConnectionHelper.java:56)
	at java.util.concurrent.ThreadPoolExecutor.runWorker(Unknown Source)
	at java.util.concurrent.ThreadPoolExecutor$Worker.run(Unknown Source)
	at java.lang.Thread.run(Unknown Source)
Caused by: java.io.IOException: è¿œç¨‹ä¸»æœºå¼ºè¿«å…³é—­äº†ä¸€ä¸ªçŽ°æœ‰çš„è¿žæŽ¥ã€‚
	at sun.nio.ch.SocketDispatcher.read0(Native Method)
	at sun.nio.ch.SocketDispatcher.read(Unknown Source)
	at sun.nio.ch.IOUtil.readIntoNativeBuffer(Unknown Source)
	at sun.nio.ch.IOUtil.read(Unknown Source)
	at sun.nio.ch.SocketChannelImpl.read(Unknown Source)
	at org.jboss.netty.channel.socket.nio.NioWorker.read(NioWorker.java:64)
	at org.jboss.netty.channel.socket.nio.AbstractNioWorker.process(AbstractNioWorker.java:107)
	at org.jboss.netty.channel.socket.nio.AbstractNioSelector.run(AbstractNioSelector.java:312)
	at org.jboss.netty.channel.socket.nio.AbstractNioWorker.run(AbstractNioWorker.java:88)
	at org.jboss.netty.channel.socket.nio.NioWorker.run(NioWorker.java:178)
	... 3 more
[2;32m2018-12-10 12:57:56,202 - INFO  [main:ServerBootstrap@99] - connect to database:jdbc:mysql://118.190.90.1:3306/fastfun?useUnicode=true&characterEncoding=UTF-8
[m[2;32m2018-12-10 12:57:57,355 - INFO  [main:ServerBootstrap@125] - Configuration Server bootstrap params.......
[m[2;32m2018-12-10 12:57:57,355 - INFO  [main:ServerBootstrap@126] - Server protocol:	socket
[m[2;32m2018-12-10 12:57:57,356 - INFO  [main:ServerBootstrap@127] - Server port:	9912
[m[2;35m2018-12-10 12:57:57,571 - WARN  [main:XMemcachedClient@727] - XMemcachedClient use Binary protocol
[m[2;32m2018-12-10 12:57:57,587 - INFO  [main:SelectorManager@37] - Creating 16 reactors...
[m[2;35m2018-12-10 12:57:57,596 - WARN  [main:AbstractController@372] - The Controller started at localhost/127.0.0.1:0 ...
[m[2;35m2018-12-10 12:57:57,601 - WARN  [Xmemcached-Reactor-0:MemcachedConnector@251] - Add a session: 127.0.0.1:11211
[m[2;32m2018-12-10 12:57:57,601 - INFO  [main:Application@25] - åˆå§‹åŒ–AO...
[m[2;32m2018-12-10 12:57:57,610 - INFO  [main:ServerBootstrap@150] - Application PID:	47208
[m[2;35m2018-12-10 12:58:06,552 - WARN  [Thread-83:JuiceThreadPool$JuiceWorkThread@108] - RPC method start time :10, action:com.klw.fastfun.pay.common.action.CommonAction, method:getProvinceByPhone
[m[2;35m2018-12-10 12:58:06,573 - WARN  [Thread-112:JuiceThreadPool$JuiceWorkThread@108] - RPC method start time :6, action:com.klw.fastfun.pay.common.action.CommonAction, method:getOtherPayCodes
[m[2;35m2018-12-10 12:58:06,618 - WARN  [Thread-32:JuiceThreadPool$JuiceWorkThread@108] - RPC method start time :37, action:com.klw.fastfun.pay.common.action.CommonAction, method:queryOrderReqInfoDate
[m[2;35m2018-12-10 12:58:10,079 - WARN  [Thread-33:JuiceThreadPool$JuiceWorkThread@108] - RPC method start time :62, action:com.klw.fastfun.pay.common.action.CommonAction, method:addMobile12306
[m[2;35m2018-12-10 12:58:10,155 - WARN  [Thread-22:JuiceThreadPool$JuiceWorkThread@108] - RPC method start time :74, action:com.klw.fastfun.pay.common.action.CommonAction, method:addOrderReqInfoDate
[m[7;31m2018-12-10 12:58:36,203 - ERROR [JUICE-SERVER-Handler-4-3-thread:ConnectionException@22] - uncaughtException :
[mcom.juice.orange.game.exception.JuiceException: è¿œç¨‹ä¸»æœºå¼ºè¿«å…³é—­äº†ä¸€ä¸ªçŽ°æœ‰çš„è¿žæŽ¥ã€‚ on [id: 0x9b5505b2, /127.0.0.1:59946 => /127.0.0.1:9912]
	at com.juice.orange.game.exception.JuiceException.fromException(JuiceException.java:38)
	at com.juice.orange.game.exception.JuiceException.fromExceptionEvent(JuiceException.java:32)
	at com.juice.orange.game.util.ConnectionHelper$2.run(ConnectionHelper.java:56)
	at java.util.concurrent.ThreadPoolExecutor.runWorker(Unknown Source)
	at java.util.concurrent.ThreadPoolExecutor$Worker.run(Unknown Source)
	at java.lang.Thread.run(Unknown Source)
Caused by: java.io.IOException: è¿œç¨‹ä¸»æœºå¼ºè¿«å…³é—­äº†ä¸€ä¸ªçŽ°æœ‰çš„è¿žæŽ¥ã€‚
	at sun.nio.ch.SocketDispatcher.read0(Native Method)
	at sun.nio.ch.SocketDispatcher.read(Unknown Source)
	at sun.nio.ch.IOUtil.readIntoNativeBuffer(Unknown Source)
	at sun.nio.ch.IOUtil.read(Unknown Source)
	at sun.nio.ch.SocketChannelImpl.read(Unknown Source)
	at org.jboss.netty.channel.socket.nio.NioWorker.read(NioWorker.java:64)
	at org.jboss.netty.channel.socket.nio.AbstractNioWorker.process(AbstractNioWorker.java:107)
	at org.jboss.netty.channel.socket.nio.AbstractNioSelector.run(AbstractNioSelector.java:312)
	at org.jboss.netty.channel.socket.nio.AbstractNioWorker.run(AbstractNioWorker.java:88)
	at org.jboss.netty.channel.socket.nio.NioWorker.run(NioWorker.java:178)
	... 3 more
[7;31m2018-12-10 12:58:36,203 - ERROR [JUICE-SERVER-Handler-4-3-thread:ConnectionException@22] - uncaughtException :
[mcom.juice.orange.game.exception.JuiceException: è¿œç¨‹ä¸»æœºå¼ºè¿«å…³é—­äº†ä¸€ä¸ªçŽ°æœ‰çš„è¿žæŽ¥ã€‚ on [id: 0xfbb2bb26, /127.0.0.1:59947 => /127.0.0.1:9912]
	at com.juice.orange.game.exception.JuiceException.fromException(JuiceException.java:38)
	at com.juice.orange.game.exception.JuiceException.fromExceptionEvent(JuiceException.java:32)
	at com.juice.orange.game.util.ConnectionHelper$2.run(ConnectionHelper.java:56)
	at java.util.concurrent.ThreadPoolExecutor.runWorker(Unknown Source)
	at java.util.concurrent.ThreadPoolExecutor$Worker.run(Unknown Source)
	at java.lang.Thread.run(Unknown Source)
Caused by: java.io.IOException: è¿œç¨‹ä¸»æœºå¼ºè¿«å…³é—­äº†ä¸€ä¸ªçŽ°æœ‰çš„è¿žæŽ¥ã€‚
	at sun.nio.ch.SocketDispatcher.read0(Native Method)
	at sun.nio.ch.SocketDispatcher.read(Unknown Source)
	at sun.nio.ch.IOUtil.readIntoNativeBuffer(Unknown Source)
	at sun.nio.ch.IOUtil.read(Unknown Source)
	at sun.nio.ch.SocketChannelImpl.read(Unknown Source)
	at org.jboss.netty.channel.socket.nio.NioWorker.read(NioWorker.java:64)
	at org.jboss.netty.channel.socket.nio.AbstractNioWorker.process(AbstractNioWorker.java:107)
	at org.jboss.netty.channel.socket.nio.AbstractNioSelector.run(AbstractNioSelector.java:312)
	at org.jboss.netty.channel.socket.nio.AbstractNioWorker.run(AbstractNioWorker.java:88)
	at org.jboss.netty.channel.socket.nio.NioWorker.run(NioWorker.java:178)
	... 3 more
[7;31m2018-12-10 12:58:36,203 - ERROR [JUICE-SERVER-Handler-4-3-thread:ConnectionException@22] - uncaughtException :
[mcom.juice.orange.game.exception.JuiceException: è¿œç¨‹ä¸»æœºå¼ºè¿«å…³é—­äº†ä¸€ä¸ªçŽ°æœ‰çš„è¿žæŽ¥ã€‚ on [id: 0x48e4511c, /127.0.0.1:59945 => /127.0.0.1:9912]
	at com.juice.orange.game.exception.JuiceException.fromException(JuiceException.java:38)
	at com.juice.orange.game.exception.JuiceException.fromExceptionEvent(JuiceException.java:32)
	at com.juice.orange.game.util.ConnectionHelper$2.run(ConnectionHelper.java:56)
	at java.util.concurrent.ThreadPoolExecutor.runWorker(Unknown Source)
	at java.util.concurrent.ThreadPoolExecutor$Worker.run(Unknown Source)
	at java.lang.Thread.run(Unknown Source)
Caused by: java.io.IOException: è¿œç¨‹ä¸»æœºå¼ºè¿«å…³é—­äº†ä¸€ä¸ªçŽ°æœ‰çš„è¿žæŽ¥ã€‚
	at sun.nio.ch.SocketDispatcher.read0(Native Method)
	at sun.nio.ch.SocketDispatcher.read(Unknown Source)
	at sun.nio.ch.IOUtil.readIntoNativeBuffer(Unknown Source)
	at sun.nio.ch.IOUtil.read(Unknown Source)
	at sun.nio.ch.SocketChannelImpl.read(Unknown Source)
	at org.jboss.netty.channel.socket.nio.NioWorker.read(NioWorker.java:64)
	at org.jboss.netty.channel.socket.nio.AbstractNioWorker.process(AbstractNioWorker.java:107)
	at org.jboss.netty.channel.socket.nio.AbstractNioSelector.run(AbstractNioSelector.java:312)
	at org.jboss.netty.channel.socket.nio.AbstractNioWorker.run(AbstractNioWorker.java:88)
	at org.jboss.netty.channel.socket.nio.NioWorker.run(NioWorker.java:178)
	... 3 more
